
-------------------------------------------------------------------
run double running protection
[Downloader2] Loaded configuration: normal
[Bootstrapper] createLauncher
path /home/furious/.tlauncher/jvms/jre1.8.0_51
[Bootstrapper] choose jvm:/home/furious/.tlauncher/jvms/jre1.8.0_51/bin/java
[Bootstrapper] validate files
[Bootstrapper] end validated files
[Bootstrapper] Starting launcher...
> Loading configuration from file: /home/furious/.tlauncher/tlauncher-2.0.properties
> [Configuration] Constant values: {}
> [Loading] INITIALIZING
> Starting TLauncher 2.75 RELEASE
> For more information, visit https://tlauncher.org/
> Startup time: Jun 24, 2021 3:22:48 PM
> ---
> run double running protection
> [Loading] LOADING_CONFIGURATION
> Machine info: -------------------------------------------------------
> Linux 5.11.22-2-MANJARO, Java 1.8.0_51, jvm bit x64, 7805 MB RAM
> java path=/home/furious/.tlauncher/jvms/jre1.8.0_51/bin/java
> -------------------------------------------------------
> Selected locale: en_US
> [Loading] LOADING_CONSOLE
> [Downloader2] Loaded configuration: good
> [Updater] Requesting an update...
> [Updater] Requesting from: http://repo.tlauncher.org/update/lch/update_2.0.json
> [Updater] Making request: http://repo.tlauncher.org/update/lch/update_2.0.json?version=2.75&client=292bff99-762c-4dc2-bcd9-ce3cd86aa4b1
> [Updater] Request time: 121 ms
> [Updater] Successfully requested from: http://repo.tlauncher.org/update/lch/update_2.0.json
> ATTENTION: default value of option vblank_mode overridden by environment.
> glVersion == null
> 
> (java:2694257): Gtk-WARNING **: 15:22:49.799: Unable to locate theme engine in module_path: "adwaita",
> 
> (java:2694257): Gtk-WARNING **: 15:22:49.803: Unable to locate theme engine in module_path: "murrine",
> 
> (java:2694257): Gtk-WARNING **: 15:22:49.804: Unable to locate theme engine in module_path: "adwaita",
> [Browser] Loading resources...
> [Browser] Loading background...
> [Browser] Cleaning up after loading:
> Starting garbage collector: 65 / 169 MB
> Garbage collector completed: 26 / 205 MB
> [Loading] LOADING_MANAGERS
> [LocalVersionList] Base directory: /home/furious/.minecraft
> [ProfileManager] Refreshing profiles from: /home/furious/.minecraft/TlauncherProfiles.json
> [AdvertisingStatusObserver]  started to get ad information
> [AdvertisingStatusObserver]  finished to get add information
> [GsonUtil]  request to http://repo.tlauncher.org/update/downloads/libraries/org/tlauncher/authlib/libraries-1.7.json
> [Loading] LOADING_WINDOW
> [JFXStartPageLoader]  start load page: http://page.tlauncher.org/update/downloads/configs/client/eng.html
> [Browser] Running in JavaFX Thread
> [Browser] Preparing JavaFX...
> [REPO][SERVER_LIST_REPO] Success: Reached the repo in 48 ms.
> [Swing] Favicons loaded: 256px, 128px, 96px, 64px, 48px, 32px, 24px, 16px
> [Loading] PREPARING_MAINPANE
> [Browser] Initializing...
> [Downloader2] Loaded configuration: good
> [JFXStartPageLoader]  succeeded load page: http://page.tlauncher.org/update/downloads/configs/client/eng.html during 0
> [Browser@999725076] Loaded successfully: "http://page.tlauncher.org/update/downloads/configs/client/eng.html"
> [Browser] add listens into server_choose
> [Browser] finished listens into server_choose
> Jun 24, 2021 3:22:50 PM com.sun.webkit.network.URLLoader doRun
> WARNING: Unexpected error
> java.net.ProtocolException: Cannot write output after reading input.
> 	at sun.net.www.protocol.http.HttpURLConnection.getOutputStream0(HttpURLConnection.java:1278)
> 	at sun.net.www.protocol.http.HttpURLConnection.getOutputStream(HttpURLConnection.java:1257)
> 	at com.sothawo.mapjfx.cache.CachingHttpURLConnection.getOutputStream(CachingHttpURLConnection.java:297)
> 	at com.sun.webkit.network.URLLoader.sendRequest(URLLoader.java:358)
> 	at com.sun.webkit.network.URLLoader.doRun(URLLoader.java:161)
> 	at com.sun.webkit.network.URLLoader.lambda$run$90(URLLoader.java:127)
> 	at com.sun.webkit.network.URLLoader$$Lambda$130/553684622.run(Unknown Source)
> 	at java.security.AccessController.doPrivileged(Native Method)
> 	at com.sun.webkit.network.URLLoader.run(URLLoader.java:126)
> 	at java.util.concurrent.Executors$RunnableAdapter.call(Executors.java:511)
> 	at java.util.concurrent.FutureTask.run(FutureTask.java:266)
> 	at java.util.concurrent.ThreadPoolExecutor.runWorker(ThreadPoolExecutor.java:1142)
> 	at java.util.concurrent.ThreadPoolExecutor$Worker.run(ThreadPoolExecutor.java:617)
> 	at java.lang.Thread.run(Thread.java:745)
> 
> [Loading] POSTINIT_GUI
> [Frame] Packing main frame...
> [Frame] Resizing main pane...
> Updater is already closed. Showing up...
> Visibility set.
> [Loading] REFRESHING_INFO
> [VersionManager] Refreshing versions remotely...
> [REPO][EXTRA_VERSION_REPO] Attempt #1; timeout: 20000 ms; url: http://repo.tlauncher.org/update/downloads/versions/new3/
> Started! (2836 ms.)
> [Loading] SUCCESS
[Bootstrapper] I can be terminated now: 0
